<?xml version="1.0" encoding="UTF-8"?>
<!-- Generated by org.testng.reporters.JUnitReportReporter -->
<testsuite hostname="DESKTOP-VHFI0LE" failures="0" tests="2" name="testCases.TC001_AccountRegistrationTest" time="26.287" errors="0" timestamp="2025-02-20T23:27:42 IST" skipped="0">
  <testcase classname="testCases.TC001_AccountRegistrationTest" name="verifyAccountRegistration" time="16.197"/>
  <testcase classname="testCases.TC001_AccountRegistrationTest" name="verifyAccountRegistration" time="10.090"/>
</testsuite> <!-- testCases.TC001_AccountRegistrationTest -->
